2017-07-15 22:03:59 [main:0]-[INFO] Root WebApplicationContext: initialization started
2017-07-15 22:04:00 [main:82]-[INFO] Refreshing Root WebApplicationContext: startup date [Sat Jul 15 22:04:00 CST 2017]; root of context hierarchy
2017-07-15 22:04:00 [main:210]-[INFO] Loading XML bean definitions from file [D:\jyxt1.0\server\target\classes\spring-mvc.xml]
2017-07-15 22:04:00 [main:534]-[INFO] Loading XML bean definitions from file [D:\jyxt1.0\server\target\classes\spring-mybatis.xml]
2017-07-15 22:04:00 [main:794]-[INFO] Loading properties file from class path resource [jdbc.properties]
2017-07-15 22:04:00 [main:799]-[INFO] JSR-330 'javax.inject.Inject' annotation found and supported for autowiring
2017-07-15 22:04:01 [main:2033]-[INFO] Mapped "{[/jyxtAdmin/getDetail2],methods=[GET || POST]}" onto public java.lang.String com.jyxt.admin.controller.Cocos2dHxsgAdminController.getDetail(java.lang.Integer,java.lang.String,java.lang.String,javax.servlet.http.HttpSession,javax.servlet.http.HttpServletRequest,javax.servlet.http.HttpServletResponse)
2017-07-15 22:04:01 [main:2038]-[INFO] Mapped "{[/jyxtAdmin/login],methods=[GET || POST]}" onto public java.lang.String com.jyxt.admin.controller.Cocos2dHxsgAdminController.login(com.jyxt.admin.vo.Admin,javax.servlet.http.HttpSession,javax.servlet.http.HttpServletRequest,javax.servlet.http.HttpServletResponse)
2017-07-15 22:04:01 [main:2038]-[INFO] Mapped "{[/jyxtAdmin/getColumn],methods=[GET || POST]}" onto public java.util.List com.jyxt.admin.controller.Cocos2dHxsgAdminController.getColumn(javax.servlet.http.HttpSession,javax.servlet.http.HttpServletRequest,javax.servlet.http.HttpServletResponse)
2017-07-15 22:04:01 [main:2040]-[INFO] Mapped "{[/v1/index/cloumn/get]}" onto public java.util.Map com.jyxt.index.controller.JyxtIndexController.cloumn(java.lang.String)
2017-07-15 22:04:01 [main:2041]-[INFO] Mapped "{[/v1/index/cloumn/insert]}" onto public java.util.Map com.jyxt.index.controller.JyxtIndexController.insertJsonData(java.lang.String,java.lang.String)
2017-07-15 22:04:01 [main:2041]-[INFO] Mapped "{[/v1/login/get]}" onto public java.util.Map com.jyxt.login.controller.JyxtLoginController.cloumn(java.lang.String,java.lang.String,javax.servlet.http.HttpSession)
2017-07-15 22:04:02 [main:2444]-[INFO] Looking for @ControllerAdvice: Root WebApplicationContext: startup date [Sat Jul 15 22:04:00 CST 2017]; root of context hierarchy
2017-07-15 22:04:02 [main:2535]-[INFO] Looking for @ControllerAdvice: Root WebApplicationContext: startup date [Sat Jul 15 22:04:00 CST 2017]; root of context hierarchy
2017-07-15 22:04:02 [main:2666]-[INFO] Mapped "{[/jyxtAdmin/getDetail2],methods=[GET || POST]}" onto public java.lang.String com.jyxt.admin.controller.Cocos2dHxsgAdminController.getDetail(java.lang.Integer,java.lang.String,java.lang.String,javax.servlet.http.HttpSession,javax.servlet.http.HttpServletRequest,javax.servlet.http.HttpServletResponse)
2017-07-15 22:04:02 [main:2667]-[INFO] Mapped "{[/jyxtAdmin/login],methods=[GET || POST]}" onto public java.lang.String com.jyxt.admin.controller.Cocos2dHxsgAdminController.login(com.jyxt.admin.vo.Admin,javax.servlet.http.HttpSession,javax.servlet.http.HttpServletRequest,javax.servlet.http.HttpServletResponse)
2017-07-15 22:04:02 [main:2667]-[INFO] Mapped "{[/jyxtAdmin/getColumn],methods=[GET || POST]}" onto public java.util.List com.jyxt.admin.controller.Cocos2dHxsgAdminController.getColumn(javax.servlet.http.HttpSession,javax.servlet.http.HttpServletRequest,javax.servlet.http.HttpServletResponse)
2017-07-15 22:04:02 [main:2668]-[INFO] Mapped "{[/v1/index/cloumn/get]}" onto public java.util.Map com.jyxt.index.controller.JyxtIndexController.cloumn(java.lang.String)
2017-07-15 22:04:02 [main:2668]-[INFO] Mapped "{[/v1/index/cloumn/insert]}" onto public java.util.Map com.jyxt.index.controller.JyxtIndexController.insertJsonData(java.lang.String,java.lang.String)
2017-07-15 22:04:02 [main:2669]-[INFO] Mapped "{[/v1/login/get]}" onto public java.util.Map com.jyxt.login.controller.JyxtLoginController.cloumn(java.lang.String,java.lang.String,javax.servlet.http.HttpSession)
2017-07-15 22:04:02 [main:2684]-[INFO] Looking for @ControllerAdvice: Root WebApplicationContext: startup date [Sat Jul 15 22:04:00 CST 2017]; root of context hierarchy
2017-07-15 22:04:02 [main:2747]-[INFO] Root WebApplicationContext: initialization completed in 2744 ms
2017-07-15 22:04:02 [main:2796]-[INFO] FrameworkServlet 'SpringMVC': initialization started
2017-07-15 22:04:02 [main:2801]-[INFO] Refreshing WebApplicationContext for namespace 'SpringMVC-servlet': startup date [Sat Jul 15 22:04:02 CST 2017]; parent: Root WebApplicationContext
2017-07-15 22:04:02 [main:2803]-[INFO] Loading XML bean definitions from class path resource [spring-mvc.xml]
2017-07-15 22:04:02 [main:2876]-[INFO] JSR-330 'javax.inject.Inject' annotation found and supported for autowiring
2017-07-15 22:04:03 [main:3059]-[INFO] Mapped "{[/jyxtAdmin/getDetail2],methods=[GET || POST]}" onto public java.lang.String com.jyxt.admin.controller.Cocos2dHxsgAdminController.getDetail(java.lang.Integer,java.lang.String,java.lang.String,javax.servlet.http.HttpSession,javax.servlet.http.HttpServletRequest,javax.servlet.http.HttpServletResponse)
2017-07-15 22:04:03 [main:3060]-[INFO] Mapped "{[/jyxtAdmin/login],methods=[GET || POST]}" onto public java.lang.String com.jyxt.admin.controller.Cocos2dHxsgAdminController.login(com.jyxt.admin.vo.Admin,javax.servlet.http.HttpSession,javax.servlet.http.HttpServletRequest,javax.servlet.http.HttpServletResponse)
2017-07-15 22:04:03 [main:3060]-[INFO] Mapped "{[/jyxtAdmin/getColumn],methods=[GET || POST]}" onto public java.util.List com.jyxt.admin.controller.Cocos2dHxsgAdminController.getColumn(javax.servlet.http.HttpSession,javax.servlet.http.HttpServletRequest,javax.servlet.http.HttpServletResponse)
2017-07-15 22:04:03 [main:3060]-[INFO] Mapped "{[/v1/index/cloumn/get]}" onto public java.util.Map com.jyxt.index.controller.JyxtIndexController.cloumn(java.lang.String)
2017-07-15 22:04:03 [main:3061]-[INFO] Mapped "{[/v1/index/cloumn/insert]}" onto public java.util.Map com.jyxt.index.controller.JyxtIndexController.insertJsonData(java.lang.String,java.lang.String)
2017-07-15 22:04:03 [main:3061]-[INFO] Mapped "{[/v1/login/get]}" onto public java.util.Map com.jyxt.login.controller.JyxtLoginController.cloumn(java.lang.String,java.lang.String,javax.servlet.http.HttpSession)
2017-07-15 22:04:03 [main:3149]-[INFO] Looking for @ControllerAdvice: WebApplicationContext for namespace 'SpringMVC-servlet': startup date [Sat Jul 15 22:04:02 CST 2017]; parent: Root WebApplicationContext
2017-07-15 22:04:03 [main:3231]-[INFO] Looking for @ControllerAdvice: WebApplicationContext for namespace 'SpringMVC-servlet': startup date [Sat Jul 15 22:04:02 CST 2017]; parent: Root WebApplicationContext
2017-07-15 22:04:03 [main:3337]-[INFO] Mapped "{[/jyxtAdmin/getDetail2],methods=[GET || POST]}" onto public java.lang.String com.jyxt.admin.controller.Cocos2dHxsgAdminController.getDetail(java.lang.Integer,java.lang.String,java.lang.String,javax.servlet.http.HttpSession,javax.servlet.http.HttpServletRequest,javax.servlet.http.HttpServletResponse)
2017-07-15 22:04:03 [main:3338]-[INFO] Mapped "{[/jyxtAdmin/login],methods=[GET || POST]}" onto public java.lang.String com.jyxt.admin.controller.Cocos2dHxsgAdminController.login(com.jyxt.admin.vo.Admin,javax.servlet.http.HttpSession,javax.servlet.http.HttpServletRequest,javax.servlet.http.HttpServletResponse)
2017-07-15 22:04:03 [main:3338]-[INFO] Mapped "{[/jyxtAdmin/getColumn],methods=[GET || POST]}" onto public java.util.List com.jyxt.admin.controller.Cocos2dHxsgAdminController.getColumn(javax.servlet.http.HttpSession,javax.servlet.http.HttpServletRequest,javax.servlet.http.HttpServletResponse)
2017-07-15 22:04:03 [main:3340]-[INFO] Mapped "{[/v1/index/cloumn/get]}" onto public java.util.Map com.jyxt.index.controller.JyxtIndexController.cloumn(java.lang.String)
2017-07-15 22:04:03 [main:3341]-[INFO] Mapped "{[/v1/index/cloumn/insert]}" onto public java.util.Map com.jyxt.index.controller.JyxtIndexController.insertJsonData(java.lang.String,java.lang.String)
2017-07-15 22:04:03 [main:3342]-[INFO] Mapped "{[/v1/login/get]}" onto public java.util.Map com.jyxt.login.controller.JyxtLoginController.cloumn(java.lang.String,java.lang.String,javax.servlet.http.HttpSession)
2017-07-15 22:04:03 [main:3358]-[INFO] Looking for @ControllerAdvice: WebApplicationContext for namespace 'SpringMVC-servlet': startup date [Sat Jul 15 22:04:02 CST 2017]; parent: Root WebApplicationContext
2017-07-15 22:04:03 [main:3428]-[INFO] FrameworkServlet 'SpringMVC': initialization completed in 632 ms
2017-07-15 22:05:47 [main:0]-[INFO] Root WebApplicationContext: initialization started
2017-07-15 22:05:47 [main:99]-[INFO] Refreshing Root WebApplicationContext: startup date [Sat Jul 15 22:05:47 CST 2017]; root of context hierarchy
2017-07-15 22:05:47 [main:274]-[INFO] Loading XML bean definitions from file [D:\jyxt1.0\server\target\classes\spring-mvc.xml]
2017-07-15 22:05:48 [main:710]-[INFO] Loading XML bean definitions from file [D:\jyxt1.0\server\target\classes\spring-mybatis.xml]
2017-07-15 22:05:48 [main:1053]-[INFO] Loading properties file from class path resource [jdbc.properties]
2017-07-15 22:05:48 [main:1058]-[INFO] JSR-330 'javax.inject.Inject' annotation found and supported for autowiring
2017-07-15 22:05:49 [main:2452]-[INFO] Mapped "{[/jyxtAdmin/getDetail2],methods=[GET || POST]}" onto public java.lang.String com.jyxt.admin.controller.Cocos2dHxsgAdminController.getDetail(java.lang.Integer,java.lang.String,java.lang.String,javax.servlet.http.HttpSession,javax.servlet.http.HttpServletRequest,javax.servlet.http.HttpServletResponse)
2017-07-15 22:05:49 [main:2453]-[INFO] Mapped "{[/jyxtAdmin/getColumn],methods=[GET || POST]}" onto public java.util.List com.jyxt.admin.controller.Cocos2dHxsgAdminController.getColumn(javax.servlet.http.HttpSession,javax.servlet.http.HttpServletRequest,javax.servlet.http.HttpServletResponse)
2017-07-15 22:05:49 [main:2453]-[INFO] Mapped "{[/jyxtAdmin/login],methods=[GET || POST]}" onto public java.lang.String com.jyxt.admin.controller.Cocos2dHxsgAdminController.login(com.jyxt.admin.vo.Admin,javax.servlet.http.HttpSession,javax.servlet.http.HttpServletRequest,javax.servlet.http.HttpServletResponse)
2017-07-15 22:05:49 [main:2454]-[INFO] Mapped "{[/v1/index/cloumn/insert]}" onto public java.util.Map com.jyxt.index.controller.JyxtIndexController.insertJsonData(java.lang.String,java.lang.String)
2017-07-15 22:05:49 [main:2454]-[INFO] Mapped "{[/v1/index/cloumn/get]}" onto public java.util.Map com.jyxt.index.controller.JyxtIndexController.cloumn(java.lang.String)
2017-07-15 22:05:49 [main:2456]-[INFO] Mapped "{[/v1/login/get]}" onto public java.util.Map com.jyxt.login.controller.JyxtLoginController.cloumn(java.lang.String,java.lang.String,javax.servlet.http.HttpSession)
2017-07-15 22:05:50 [main:2911]-[INFO] Looking for @ControllerAdvice: Root WebApplicationContext: startup date [Sat Jul 15 22:05:47 CST 2017]; root of context hierarchy
2017-07-15 22:05:50 [main:3020]-[INFO] Looking for @ControllerAdvice: Root WebApplicationContext: startup date [Sat Jul 15 22:05:47 CST 2017]; root of context hierarchy
2017-07-15 22:05:50 [main:3161]-[INFO] Mapped "{[/jyxtAdmin/getDetail2],methods=[GET || POST]}" onto public java.lang.String com.jyxt.admin.controller.Cocos2dHxsgAdminController.getDetail(java.lang.Integer,java.lang.String,java.lang.String,javax.servlet.http.HttpSession,javax.servlet.http.HttpServletRequest,javax.servlet.http.HttpServletResponse)
2017-07-15 22:05:50 [main:3161]-[INFO] Mapped "{[/jyxtAdmin/getColumn],methods=[GET || POST]}" onto public java.util.List com.jyxt.admin.controller.Cocos2dHxsgAdminController.getColumn(javax.servlet.http.HttpSession,javax.servlet.http.HttpServletRequest,javax.servlet.http.HttpServletResponse)
2017-07-15 22:05:50 [main:3161]-[INFO] Mapped "{[/jyxtAdmin/login],methods=[GET || POST]}" onto public java.lang.String com.jyxt.admin.controller.Cocos2dHxsgAdminController.login(com.jyxt.admin.vo.Admin,javax.servlet.http.HttpSession,javax.servlet.http.HttpServletRequest,javax.servlet.http.HttpServletResponse)
2017-07-15 22:05:50 [main:3162]-[INFO] Mapped "{[/v1/index/cloumn/insert]}" onto public java.util.Map com.jyxt.index.controller.JyxtIndexController.insertJsonData(java.lang.String,java.lang.String)
2017-07-15 22:05:50 [main:3162]-[INFO] Mapped "{[/v1/index/cloumn/get]}" onto public java.util.Map com.jyxt.index.controller.JyxtIndexController.cloumn(java.lang.String)
2017-07-15 22:05:50 [main:3163]-[INFO] Mapped "{[/v1/login/get]}" onto public java.util.Map com.jyxt.login.controller.JyxtLoginController.cloumn(java.lang.String,java.lang.String,javax.servlet.http.HttpSession)
2017-07-15 22:05:50 [main:3187]-[INFO] Looking for @ControllerAdvice: Root WebApplicationContext: startup date [Sat Jul 15 22:05:47 CST 2017]; root of context hierarchy
2017-07-15 22:05:50 [main:3275]-[INFO] Root WebApplicationContext: initialization completed in 3272 ms
2017-07-15 22:05:50 [main:3333]-[INFO] FrameworkServlet 'SpringMVC': initialization started
2017-07-15 22:05:50 [main:3352]-[INFO] Refreshing WebApplicationContext for namespace 'SpringMVC-servlet': startup date [Sat Jul 15 22:05:50 CST 2017]; parent: Root WebApplicationContext
2017-07-15 22:05:50 [main:3353]-[INFO] Loading XML bean definitions from class path resource [spring-mvc.xml]
2017-07-15 22:05:50 [main:3427]-[INFO] JSR-330 'javax.inject.Inject' annotation found and supported for autowiring
2017-07-15 22:05:51 [main:3557]-[INFO] Mapped "{[/jyxtAdmin/getDetail2],methods=[GET || POST]}" onto public java.lang.String com.jyxt.admin.controller.Cocos2dHxsgAdminController.getDetail(java.lang.Integer,java.lang.String,java.lang.String,javax.servlet.http.HttpSession,javax.servlet.http.HttpServletRequest,javax.servlet.http.HttpServletResponse)
2017-07-15 22:05:51 [main:3557]-[INFO] Mapped "{[/jyxtAdmin/getColumn],methods=[GET || POST]}" onto public java.util.List com.jyxt.admin.controller.Cocos2dHxsgAdminController.getColumn(javax.servlet.http.HttpSession,javax.servlet.http.HttpServletRequest,javax.servlet.http.HttpServletResponse)
2017-07-15 22:05:51 [main:3557]-[INFO] Mapped "{[/jyxtAdmin/login],methods=[GET || POST]}" onto public java.lang.String com.jyxt.admin.controller.Cocos2dHxsgAdminController.login(com.jyxt.admin.vo.Admin,javax.servlet.http.HttpSession,javax.servlet.http.HttpServletRequest,javax.servlet.http.HttpServletResponse)
2017-07-15 22:05:51 [main:3558]-[INFO] Mapped "{[/v1/index/cloumn/insert]}" onto public java.util.Map com.jyxt.index.controller.JyxtIndexController.insertJsonData(java.lang.String,java.lang.String)
2017-07-15 22:05:51 [main:3559]-[INFO] Mapped "{[/v1/index/cloumn/get]}" onto public java.util.Map com.jyxt.index.controller.JyxtIndexController.cloumn(java.lang.String)
2017-07-15 22:05:51 [main:3559]-[INFO] Mapped "{[/v1/login/get]}" onto public java.util.Map com.jyxt.login.controller.JyxtLoginController.cloumn(java.lang.String,java.lang.String,javax.servlet.http.HttpSession)
2017-07-15 22:05:51 [main:3650]-[INFO] Looking for @ControllerAdvice: WebApplicationContext for namespace 'SpringMVC-servlet': startup date [Sat Jul 15 22:05:50 CST 2017]; parent: Root WebApplicationContext
2017-07-15 22:05:51 [main:3720]-[INFO] Looking for @ControllerAdvice: WebApplicationContext for namespace 'SpringMVC-servlet': startup date [Sat Jul 15 22:05:50 CST 2017]; parent: Root WebApplicationContext
2017-07-15 22:05:51 [main:3809]-[INFO] Mapped "{[/jyxtAdmin/getDetail2],methods=[GET || POST]}" onto public java.lang.String com.jyxt.admin.controller.Cocos2dHxsgAdminController.getDetail(java.lang.Integer,java.lang.String,java.lang.String,javax.servlet.http.HttpSession,javax.servlet.http.HttpServletRequest,javax.servlet.http.HttpServletResponse)
2017-07-15 22:05:51 [main:3810]-[INFO] Mapped "{[/jyxtAdmin/getColumn],methods=[GET || POST]}" onto public java.util.List com.jyxt.admin.controller.Cocos2dHxsgAdminController.getColumn(javax.servlet.http.HttpSession,javax.servlet.http.HttpServletRequest,javax.servlet.http.HttpServletResponse)
2017-07-15 22:05:51 [main:3810]-[INFO] Mapped "{[/jyxtAdmin/login],methods=[GET || POST]}" onto public java.lang.String com.jyxt.admin.controller.Cocos2dHxsgAdminController.login(com.jyxt.admin.vo.Admin,javax.servlet.http.HttpSession,javax.servlet.http.HttpServletRequest,javax.servlet.http.HttpServletResponse)
2017-07-15 22:05:51 [main:3811]-[INFO] Mapped "{[/v1/index/cloumn/insert]}" onto public java.util.Map com.jyxt.index.controller.JyxtIndexController.insertJsonData(java.lang.String,java.lang.String)
2017-07-15 22:05:51 [main:3811]-[INFO] Mapped "{[/v1/index/cloumn/get]}" onto public java.util.Map com.jyxt.index.controller.JyxtIndexController.cloumn(java.lang.String)
2017-07-15 22:05:51 [main:3812]-[INFO] Mapped "{[/v1/login/get]}" onto public java.util.Map com.jyxt.login.controller.JyxtLoginController.cloumn(java.lang.String,java.lang.String,javax.servlet.http.HttpSession)
2017-07-15 22:05:51 [main:3843]-[INFO] Looking for @ControllerAdvice: WebApplicationContext for namespace 'SpringMVC-servlet': startup date [Sat Jul 15 22:05:50 CST 2017]; parent: Root WebApplicationContext
2017-07-15 22:05:51 [main:3938]-[INFO] FrameworkServlet 'SpringMVC': initialization completed in 605 ms
